[1009/141249.168:ERROR:process_reader_win.cc(151)] SuspendThread: Access is denied. (0x5)
[1009/141249.171:ERROR:process_reader_win.cc(151)] SuspendThread: Access is denied. (0x5)
[1009/141249.171:ERROR:process_reader_win.cc(151)] SuspendThread: Access is denied. (0x5)
[1009/141249.171:ERROR:process_reader_win.cc(123)] NtOpenThread: {Access Denied} A process has requested access to an object, but has not been granted those access rights. (0xc0000022)
[1009/141249.254:ERROR:exception_snapshot_win.cc(98)] thread ID 7732 not found in process
[1010/205858.277:ERROR:process_reader_win.cc(151)] SuspendThread: Access is denied. (0x5)
[1010/205858.279:ERROR:process_reader_win.cc(151)] SuspendThread: Access is denied. (0x5)
[1010/205858.279:ERROR:process_reader_win.cc(151)] SuspendThread: Access is denied. (0x5)
[1010/205858.309:ERROR:process_reader_win.cc(151)] SuspendThread: Access is denied. (0x5)
[1010/205858.309:ERROR:process_reader_win.cc(151)] SuspendThread: Access is denied. (0x5)
[1010/205858.309:ERROR:process_reader_win.cc(151)] SuspendThread: Access is denied. (0x5)
[1010/205858.309:ERROR:process_reader_win.cc(151)] SuspendThread: Access is denied. (0x5)
[1010/205858.309:ERROR:process_reader_win.cc(151)] SuspendThread: Access is denied. (0x5)
[1010/205858.309:ERROR:process_reader_win.cc(151)] SuspendThread: Access is denied. (0x5)
[1010/205858.309:ERROR:process_reader_win.cc(123)] NtOpenThread: {Access Denied} A process has requested access to an object, but has not been granted those access rights. (0xc0000022)
[1010/205858.316:ERROR:exception_snapshot_win.cc(98)] thread ID 6556 not found in process
[1011/084948.210:ERROR:process_reader_win.cc(151)] SuspendThread: Access is denied. (0x5)
[1011/084948.212:ERROR:process_reader_win.cc(151)] SuspendThread: Access is denied. (0x5)
[1011/084948.212:ERROR:process_reader_win.cc(151)] SuspendThread: Access is denied. (0x5)
[1011/084948.212:ERROR:process_reader_win.cc(151)] SuspendThread: Access is denied. (0x5)
[1011/084948.212:ERROR:process_reader_win.cc(151)] SuspendThread: Access is denied. (0x5)
[1011/084948.212:ERROR:process_reader_win.cc(151)] SuspendThread: Access is denied. (0x5)
[1011/084948.212:ERROR:process_reader_win.cc(151)] SuspendThread: Access is denied. (0x5)
[1011/084948.212:ERROR:process_reader_win.cc(151)] SuspendThread: Access is denied. (0x5)
[1011/084948.212:ERROR:process_reader_win.cc(151)] SuspendThread: Access is denied. (0x5)
[1011/084948.212:ERROR:process_reader_win.cc(151)] SuspendThread: Access is denied. (0x5)
[1011/084948.212:ERROR:process_reader_win.cc(151)] SuspendThread: Access is denied. (0x5)
[1011/084948.212:ERROR:process_reader_win.cc(151)] SuspendThread: Access is denied. (0x5)
[1011/084948.212:ERROR:process_reader_win.cc(151)] SuspendThread: Access is denied. (0x5)
[1011/084948.212:ERROR:process_reader_win.cc(151)] SuspendThread: Access is denied. (0x5)
[1011/084948.212:ERROR:process_reader_win.cc(151)] SuspendThread: Access is denied. (0x5)
[1011/084948.212:ERROR:process_reader_win.cc(151)] SuspendThread: Access is denied. (0x5)
[1011/084948.212:ERROR:process_reader_win.cc(151)] SuspendThread: Access is denied. (0x5)
[1011/084948.212:ERROR:process_reader_win.cc(151)] SuspendThread: Access is denied. (0x5)
[1011/084948.212:ERROR:process_reader_win.cc(151)] SuspendThread: Access is denied. (0x5)
[1011/084948.212:ERROR:process_reader_win.cc(151)] SuspendThread: Access is denied. (0x5)
[1011/084948.212:ERROR:process_reader_win.cc(151)] SuspendThread: Access is denied. (0x5)
[1011/084948.212:ERROR:process_reader_win.cc(151)] SuspendThread: Access is denied. (0x5)
[1011/084948.212:ERROR:process_reader_win.cc(151)] SuspendThread: Access is denied. (0x5)
[1011/084948.212:ERROR:process_reader_win.cc(151)] SuspendThread: Access is denied. (0x5)
[1011/084948.212:ERROR:process_reader_win.cc(151)] SuspendThread: Access is denied. (0x5)
[1011/084948.212:ERROR:process_reader_win.cc(151)] SuspendThread: Access is denied. (0x5)
[1011/084948.212:ERROR:process_reader_win.cc(151)] SuspendThread: Access is denied. (0x5)
[1011/084948.212:ERROR:process_reader_win.cc(123)] NtOpenThread: {Access Denied} A process has requested access to an object, but has not been granted those access rights. (0xc0000022)
[1011/084948.235:ERROR:exception_snapshot_win.cc(98)] thread ID 8356 not found in process
[1016/230840.929:ERROR:process_reader_win.cc(151)] SuspendThread: Access is denied. (0x5)
[1016/230840.931:ERROR:process_reader_win.cc(151)] SuspendThread: Access is denied. (0x5)
[1016/230840.931:ERROR:process_reader_win.cc(151)] SuspendThread: Access is denied. (0x5)
[1016/230840.931:ERROR:process_reader_win.cc(151)] SuspendThread: Access is denied. (0x5)
[1016/230840.931:ERROR:process_reader_win.cc(151)] SuspendThread: Access is denied. (0x5)
[1016/230840.931:ERROR:process_reader_win.cc(151)] SuspendThread: Access is denied. (0x5)
[1016/230840.931:ERROR:process_reader_win.cc(151)] SuspendThread: Access is denied. (0x5)
[1016/230840.931:ERROR:process_reader_win.cc(151)] SuspendThread: Access is denied. (0x5)
[1016/230840.931:ERROR:process_reader_win.cc(151)] SuspendThread: Access is denied. (0x5)
[1016/230840.931:ERROR:process_reader_win.cc(151)] SuspendThread: Access is denied. (0x5)
[1016/230840.931:ERROR:process_reader_win.cc(151)] SuspendThread: Access is denied. (0x5)
[1016/230840.931:ERROR:process_reader_win.cc(151)] SuspendThread: Access is denied. (0x5)
[1016/230840.931:ERROR:process_reader_win.cc(151)] SuspendThread: Access is denied. (0x5)
[1016/230841.025:ERROR:process_reader_win.cc(151)] SuspendThread: Access is denied. (0x5)
[1016/230841.025:ERROR:process_reader_win.cc(151)] SuspendThread: Access is denied. (0x5)
[1016/230841.025:ERROR:process_reader_win.cc(151)] SuspendThread: Access is denied. (0x5)
[1016/230841.025:ERROR:process_reader_win.cc(151)] SuspendThread: Access is denied. (0x5)
[1016/230841.025:ERROR:process_reader_win.cc(151)] SuspendThread: Access is denied. (0x5)
[1016/230841.025:ERROR:process_reader_win.cc(151)] SuspendThread: Access is denied. (0x5)
[1016/230841.025:ERROR:process_reader_win.cc(151)] SuspendThread: Access is denied. (0x5)
[1016/230841.025:ERROR:process_reader_win.cc(151)] SuspendThread: Access is denied. (0x5)
[1016/230841.025:ERROR:process_reader_win.cc(151)] SuspendThread: Access is denied. (0x5)
[1016/230841.025:ERROR:process_reader_win.cc(151)] SuspendThread: Access is denied. (0x5)
[1016/230841.025:ERROR:process_reader_win.cc(151)] SuspendThread: Access is denied. (0x5)
[1016/230841.025:ERROR:process_reader_win.cc(151)] SuspendThread: Access is denied. (0x5)
[1016/230841.025:ERROR:process_reader_win.cc(151)] SuspendThread: Access is denied. (0x5)
[1016/230841.025:ERROR:process_reader_win.cc(123)] NtOpenThread: {Access Denied} A process has requested access to an object, but has not been granted those access rights. (0xc0000022)
[1016/230841.040:ERROR:exception_snapshot_win.cc(98)] thread ID 9824 not found in process
